d:\study\c++\maptool\maptool\debug\maptool.pch
d:\study\c++\maptool\maptool\debug\vc120.pdb
d:\study\c++\maptool\maptool\debug\vc120.idb
d:\study\c++\maptool\maptool\debug\stdafx.obj
d:\study\c++\maptool\maptool\debug\controlview.obj
d:\study\c++\maptool\maptool\debug\direct3d.obj
d:\study\c++\maptool\maptool\debug\dlgmap.obj
d:\study\c++\maptool\maptool\debug\mainfrm.obj
d:\study\c++\maptool\maptool\debug\maptool.obj
d:\study\c++\maptool\maptool\debug\maptooldoc.obj
d:\study\c++\maptool\maptool\debug\maptoolview.obj
d:\study\c++\maptool\maptool\debug\toolmanager.obj
d:\study\c++\maptool\maptool\debug\camera.obj
d:\study\c++\maptool\maptool\debug\input.obj
d:\study\c++\maptool\debug\maptool.ilk
d:\study\c++\maptool\debug\maptool.exe
d:\study\c++\maptool\debug\maptool.pdb
d:\study\c++\maptool\maptool\debug\maptool.res
d:\study\c++\maptool\maptool\debug\maptool.tlog\cl.command.1.tlog
d:\study\c++\maptool\maptool\debug\maptool.tlog\cl.read.1.tlog
d:\study\c++\maptool\maptool\debug\maptool.tlog\cl.write.1.tlog
d:\study\c++\maptool\maptool\debug\maptool.tlog\link.command.1.tlog
d:\study\c++\maptool\maptool\debug\maptool.tlog\link.read.1.tlog
d:\study\c++\maptool\maptool\debug\maptool.tlog\link.write.1.tlog
d:\study\c++\maptool\maptool\debug\maptool.tlog\rc.command.1.tlog
d:\study\c++\maptool\maptool\debug\maptool.tlog\rc.read.1.tlog
d:\study\c++\maptool\maptool\debug\maptool.tlog\rc.write.1.tlog
